<?xml version="1.0" encoding="UTF-8"?>
<!-- Generated by org.testng.reporters.JUnitReportReporter -->
<testsuite hostname="DESKTOP-J0HNUMU" failures="0" tests="1" name="cucumber.TestNgTestRunner" time="13.052" errors="0" timestamp="2024-12-31T13:01:45 IST" skipped="0">
  <testcase classname="cucumber.TestNgTestRunner" name="runScenario" time="13.052"/>
</testsuite> <!-- cucumber.TestNgTestRunner -->
