<?xml version="1.0" encoding="UTF-8"?>
<!-- Generated by org.testng.reporters.JUnitReportReporter -->
<testsuite hostname="DESKTOP-J0HNUMU" failures="0" tests="2" name="rahulshettyacademy.Tests.Class2B_SubmitOrderTest" time="23.899" errors="0" timestamp="2025-02-07T00:57:58 IST" skipped="0">
  <testcase classname="rahulshettyacademy.Tests.Class2B_SubmitOrderTest" name="orderSubmit" time="10.947"/>
  <testcase classname="rahulshettyacademy.Tests.Class2B_SubmitOrderTest" name="orderSubmit" time="12.952"/>
</testsuite> <!-- rahulshettyacademy.Tests.Class2B_SubmitOrderTest -->
