<?xml version="1.0" encoding="UTF-8"?>
<!-- Generated by org.testng.reporters.JUnitReportReporter -->
<testsuite hostname="DESKTOP-J0HNUMU" failures="0" tests="3" name="rahulshettyacademy.Tests.Class2B_SubmitOrderTest" time="48.441" errors="0" timestamp="2024-12-30T01:06:35 IST" skipped="0">
  <testcase classname="rahulshettyacademy.Tests.Class2B_SubmitOrderTest" name="orderSubmit" time="20.535"/>
  <testcase classname="rahulshettyacademy.Tests.Class2B_SubmitOrderTest" name="orderSubmit" time="18.037"/>
  <testcase classname="rahulshettyacademy.Tests.Class2B_SubmitOrderTest" name="yourOrdersHostory" time="9.869"/>
</testsuite> <!-- rahulshettyacademy.Tests.Class2B_SubmitOrderTest -->
