<?xml version="1.0" encoding="UTF-8"?>
<!-- Generated by org.testng.reporters.JUnitReportReporter -->
<testsuite hostname="DESKTOP-J0HNUMU" failures="0" tests="1" name="cucumber.TestNgTestRunner" time="18.534" errors="0" timestamp="2024-12-31T13:28:10 IST" skipped="0">
  <testcase classname="cucumber.TestNgTestRunner" name="runScenario" time="18.534"/>
</testsuite> <!-- cucumber.TestNgTestRunner -->
